{"level":"DEBUG","time":"2022-02-13T21:49:00.846+0800","caller":"bluebell/main.go:33","msg":"logger init success..."}
{"level":"INFO","time":"2022-02-13T21:52:10.215+0800","caller":"bluebell/main.go:66","msg":"Shutdown Server ..."}
{"level":"INFO","time":"2022-02-13T21:52:10.216+0800","caller":"bluebell/main.go:75","msg":"Server exiting"}
{"level":"DEBUG","time":"2022-02-13T21:52:35.974+0800","caller":"bluebell/main.go:33","msg":"logger init success..."}
{"level":"INFO","time":"2022-02-13T21:52:39.122+0800","caller":"logger/logger.go:69","msg":"/","status":200,"method":"GET","path":"/","query":"","ip":"::1","user-agent":"Mozilla/5.0 (Macintosh; Intel Mac OS X 10_15_7) AppleWebKit/537.36 (KHTML, like Gecko) Chrome/98.0.4758.80 Safari/537.36","errors":"","cost":0.000031331}
{"level":"INFO","time":"2022-02-13T21:52:39.251+0800","caller":"logger/logger.go:69","msg":"/favicon.ico","status":404,"method":"GET","path":"/favicon.ico","query":"","ip":"::1","user-agent":"Mozilla/5.0 (Macintosh; Intel Mac OS X 10_15_7) AppleWebKit/537.36 (KHTML, like Gecko) Chrome/98.0.4758.80 Safari/537.36","errors":"","cost":0.000001074}
{"level":"INFO","time":"2022-02-13T21:52:44.696+0800","caller":"logger/logger.go:69","msg":"/json","status":200,"method":"GET","path":"/json","query":"","ip":"::1","user-agent":"Mozilla/5.0 (Macintosh; Intel Mac OS X 10_15_7) AppleWebKit/537.36 (KHTML, like Gecko) Chrome/98.0.4758.80 Safari/537.36","errors":"","cost":0.000054689}
{"level":"INFO","time":"2022-02-13T21:53:03.579+0800","caller":"bluebell/main.go:66","msg":"Shutdown Server ..."}
{"level":"INFO","time":"2022-02-13T21:53:03.581+0800","caller":"bluebell/main.go:75","msg":"Server exiting"}
{"level":"DEBUG","time":"2022-02-13T21:53:05.933+0800","caller":"bluebell/main.go:33","msg":"logger init success..."}
{"level":"INFO","time":"2022-02-13T21:53:07.316+0800","caller":"logger/logger.go:69","msg":"/json","status":200,"method":"GET","path":"/json","query":"","ip":"::1","user-agent":"Mozilla/5.0 (Macintosh; Intel Mac OS X 10_15_7) AppleWebKit/537.36 (KHTML, like Gecko) Chrome/98.0.4758.80 Safari/537.36","errors":"","cost":0.000099259}
{"level":"INFO","time":"2022-02-13T21:53:56.144+0800","caller":"bluebell/main.go:66","msg":"Shutdown Server ..."}
{"level":"INFO","time":"2022-02-13T21:53:56.145+0800","caller":"bluebell/main.go:75","msg":"Server exiting"}
{"level":"DEBUG","time":"2022-02-13T21:53:58.328+0800","caller":"bluebell/main.go:33","msg":"logger init success..."}
{"level":"INFO","time":"2022-02-13T21:54:04.337+0800","caller":"logger/logger.go:69","msg":"/json","status":200,"method":"GET","path":"/json","query":"","ip":"::1","user-agent":"Mozilla/5.0 (Macintosh; Intel Mac OS X 10_15_7) AppleWebKit/537.36 (KHTML, like Gecko) Chrome/98.0.4758.80 Safari/537.36","errors":"","cost":0.000093731}
{"level":"INFO","time":"2022-02-13T21:54:04.520+0800","caller":"logger/logger.go:69","msg":"/json","status":200,"method":"GET","path":"/json","query":"","ip":"::1","user-agent":"Mozilla/5.0 (Macintosh; Intel Mac OS X 10_15_7) AppleWebKit/537.36 (KHTML, like Gecko) Chrome/98.0.4758.80 Safari/537.36","errors":"","cost":0.00002239}
{"level":"INFO","time":"2022-02-13T21:54:07.436+0800","caller":"logger/logger.go:69","msg":"/json","status":200,"method":"GET","path":"/json","query":"","ip":"::1","user-agent":"Mozilla/5.0 (Macintosh; Intel Mac OS X 10_15_7) AppleWebKit/537.36 (KHTML, like Gecko) Chrome/98.0.4758.80 Safari/537.36","errors":"","cost":0.000010343}
{"level":"INFO","time":"2022-02-13T22:20:39.890+0800","caller":"bluebell/main.go:66","msg":"Shutdown Server ..."}
{"level":"INFO","time":"2022-02-13T22:20:39.892+0800","caller":"bluebell/main.go:75","msg":"Server exiting"}
{"level":"DEBUG","time":"2022-02-14T23:42:07.109+0800","caller":"bluebell/main.go:34","msg":"logger init success..."}
{"level":"INFO","time":"2022-02-14T23:42:42.201+0800","caller":"logger/logger.go:69","msg":"/signup","status":404,"method":"GET","path":"/signup","query":"","ip":"::1","user-agent":"Mozilla/5.0 (Macintosh; Intel Mac OS X 10_15_7) AppleWebKit/537.36 (KHTML, like Gecko) Chrome/98.0.4758.80 Safari/537.36","errors":"","cost":0.000025746}
{"level":"ERROR","time":"2022-02-14T23:43:19.250+0800","caller":"controller/user.go:18","msg":"SignUp with invalid param","error":"EOF"}
{"level":"INFO","time":"2022-02-14T23:43:19.250+0800","caller":"logger/logger.go:69","msg":"/signup","status":200,"method":"POST","path":"/signup","query":"","ip":"::1","user-agent":"PostmanRuntime/7.28.4","errors":"","cost":0.000284702}
{"level":"ERROR","time":"2022-02-14T23:44:20.802+0800","caller":"controller/user.go:18","msg":"SignUp with invalid param","error":"json: cannot unmarshal number into Go struct field ParamSignUp.password of type string"}
{"level":"INFO","time":"2022-02-14T23:44:20.802+0800","caller":"logger/logger.go:69","msg":"/signup","status":200,"method":"POST","path":"/signup","query":"","ip":"::1","user-agent":"PostmanRuntime/7.28.4","errors":"","cost":0.0004235}
{"level":"INFO","time":"2022-02-14T23:44:35.155+0800","caller":"logger/logger.go:69","msg":"/signup","status":200,"method":"POST","path":"/signup","query":"","ip":"::1","user-agent":"PostmanRuntime/7.28.4","errors":"","cost":0.000318276}
{"level":"INFO","time":"2022-02-15T10:04:00.691+0800","caller":"logger/logger.go:69","msg":"/signup","status":200,"method":"POST","path":"/signup","query":"","ip":"::1","user-agent":"PostmanRuntime/7.28.4","errors":"","cost":0.003333824}
{"level":"ERROR","time":"2022-02-15T10:07:27.549+0800","caller":"controller/user.go:18","msg":"SignUp with invalid param","error":"invalid character '\\'' looking for beginning of object key string"}
{"level":"INFO","time":"2022-02-15T10:07:27.550+0800","caller":"logger/logger.go:69","msg":"/signup","status":200,"method":"POST","path":"/signup","query":"","ip":"::1","user-agent":"Go-http-client/1.1","errors":"","cost":0.003596728}
{"level":"ERROR","time":"2022-02-15T10:09:12.263+0800","caller":"controller/user.go:18","msg":"SignUp with invalid param","error":"invalid character '\\'' looking for beginning of object key string"}
{"level":"INFO","time":"2022-02-15T10:09:12.263+0800","caller":"logger/logger.go:69","msg":"/signup","status":200,"method":"POST","path":"/signup","query":"","ip":"::1","user-agent":"Go-http-client/1.1","errors":"","cost":0.00012097}
{"level":"ERROR","time":"2022-02-15T10:10:04.087+0800","caller":"controller/user.go:18","msg":"SignUp with invalid param","error":"invalid character '\\'' looking for beginning of object key string"}
{"level":"INFO","time":"2022-02-15T10:10:04.087+0800","caller":"logger/logger.go:69","msg":"/signup","status":200,"method":"POST","path":"/signup","query":"","ip":"::1","user-agent":"Go-http-client/1.1","errors":"","cost":0.00008684}
{"level":"INFO","time":"2022-02-15T10:12:56.893+0800","caller":"logger/logger.go:69","msg":"/signup","status":200,"method":"POST","path":"/signup","query":"","ip":"::1","user-agent":"PostmanRuntime/7.28.4","errors":"","cost":0.000132709}
{"level":"ERROR","time":"2022-02-15T10:13:12.285+0800","caller":"controller/user.go:18","msg":"SignUp with invalid param","error":"invalid character '\\'' looking for beginning of object key string"}
{"level":"INFO","time":"2022-02-15T10:13:12.285+0800","caller":"logger/logger.go:69","msg":"/signup","status":200,"method":"POST","path":"/signup","query":"","ip":"::1","user-agent":"Go-http-client/1.1","errors":"","cost":0.000113367}
{"level":"ERROR","time":"2022-02-15T10:13:57.484+0800","caller":"controller/user.go:18","msg":"SignUp with invalid param","error":"invalid character '\\'' looking for beginning of object key string"}
{"level":"INFO","time":"2022-02-15T10:13:57.484+0800","caller":"logger/logger.go:69","msg":"/signup","status":200,"method":"POST","path":"/signup","query":"","ip":"::1","user-agent":"Go-http-client/1.1","errors":"","cost":0.000127052}
{"level":"ERROR","time":"2022-02-15T10:14:12.291+0800","caller":"controller/user.go:18","msg":"SignUp with invalid param","error":"invalid character '\\'' looking for beginning of object key string"}
{"level":"INFO","time":"2022-02-15T10:14:12.291+0800","caller":"logger/logger.go:69","msg":"/signup","status":200,"method":"POST","path":"/signup","query":"","ip":"::1","user-agent":"Go-http-client/1.1","errors":"","cost":0.000107837}
{"level":"INFO","time":"2022-02-15T10:31:55.877+0800","caller":"bluebell/main.go:72","msg":"Shutdown Server ..."}
{"level":"INFO","time":"2022-02-15T10:31:55.879+0800","caller":"bluebell/main.go:81","msg":"Server exiting"}
{"level":"DEBUG","time":"2022-02-15T10:32:01.059+0800","caller":"bluebell/main.go:34","msg":"logger init success..."}
{"level":"ERROR","time":"2022-02-15T10:32:06.550+0800","caller":"controller/user.go:28","msg":"SignUp with invalid param"}
{"level":"INFO","time":"2022-02-15T10:32:06.550+0800","caller":"logger/logger.go:69","msg":"/signup","status":200,"method":"POST","path":"/signup","query":"","ip":"::1","user-agent":"PostmanRuntime/7.28.4","errors":"","cost":0.000346047}
{"level":"INFO","time":"2022-02-15T10:32:45.501+0800","caller":"logger/logger.go:69","msg":"/signup","status":200,"method":"POST","path":"/signup","query":"","ip":"::1","user-agent":"PostmanRuntime/7.28.4","errors":"","cost":0.000081826}
{"level":"ERROR","time":"2022-02-15T10:32:50.218+0800","caller":"controller/user.go:28","msg":"SignUp with invalid param"}
{"level":"INFO","time":"2022-02-15T10:32:50.218+0800","caller":"logger/logger.go:69","msg":"/signup","status":200,"method":"POST","path":"/signup","query":"","ip":"::1","user-agent":"PostmanRuntime/7.28.4","errors":"","cost":0.000127678}
{"level":"INFO","time":"2022-02-15T10:33:21.217+0800","caller":"logger/logger.go:69","msg":"/signup","status":200,"method":"POST","path":"/signup","query":"","ip":"::1","user-agent":"PostmanRuntime/7.28.4","errors":"","cost":0.000086522}
{"level":"INFO","time":"2022-02-15T10:33:30.020+0800","caller":"bluebell/main.go:72","msg":"Shutdown Server ..."}
{"level":"INFO","time":"2022-02-15T10:33:30.022+0800","caller":"bluebell/main.go:81","msg":"Server exiting"}
{"level":"DEBUG","time":"2022-02-15T21:52:35.799+0800","caller":"bluebell/main.go:34","msg":"logger init success..."}
{"level":"INFO","time":"2022-02-15T21:54:17.885+0800","caller":"bluebell/main.go:72","msg":"Shutdown Server ..."}
{"level":"INFO","time":"2022-02-15T21:54:17.887+0800","caller":"bluebell/main.go:81","msg":"Server exiting"}
{"level":"DEBUG","time":"2022-02-15T21:54:21.507+0800","caller":"bluebell/main.go:34","msg":"logger init success..."}
{"level":"ERROR","time":"2022-02-15T21:54:44.176+0800","caller":"controller/user.go:18","msg":"SignUp with invalid param","error":"Key: 'ParamSignUp.RePassword' Error:Field validation for 'RePassword' failed on the 'required' tag"}
{"level":"INFO","time":"2022-02-15T21:54:44.176+0800","caller":"logger/logger.go:69","msg":"/signup","status":200,"method":"POST","path":"/signup","query":"","ip":"::1","user-agent":"PostmanRuntime/7.29.0","errors":"","cost":0.000621456}
{"level":"INFO","time":"2022-02-15T21:54:51.196+0800","caller":"logger/logger.go:69","msg":"/signup","status":200,"method":"POST","path":"/signup","query":"","ip":"::1","user-agent":"PostmanRuntime/7.29.0","errors":"","cost":0.000135819}
{"level":"INFO","time":"2022-02-15T22:05:31.841+0800","caller":"bluebell/main.go:72","msg":"Shutdown Server ..."}
{"level":"INFO","time":"2022-02-15T22:05:31.843+0800","caller":"bluebell/main.go:81","msg":"Server exiting"}
{"level":"DEBUG","time":"2022-02-15T22:25:22.988+0800","caller":"bluebell/main.go:37","msg":"logger init success..."}
{"level":"ERROR","time":"2022-02-15T22:25:27.548+0800","caller":"controller/user.go:19","msg":"SignUp with invalid param","error":"Key: 'ParamSignUp.RePassword' Error:Field validation for 'RePassword' failed on the 'required' tag"}
{"level":"INFO","time":"2022-02-15T22:25:27.548+0800","caller":"logger/logger.go:69","msg":"/signup","status":200,"method":"POST","path":"/signup","query":"","ip":"::1","user-agent":"PostmanRuntime/7.29.0","errors":"","cost":0.000625561}
{"level":"ERROR","time":"2022-02-15T22:25:36.512+0800","caller":"controller/user.go:19","msg":"SignUp with invalid param","error":"Key: 'ParamSignUp.RePassword' Error:Field validation for 'RePassword' failed on the 'required' tag"}
{"level":"INFO","time":"2022-02-15T22:25:36.512+0800","caller":"logger/logger.go:69","msg":"/signup","status":200,"method":"POST","path":"/signup","query":"","ip":"::1","user-agent":"PostmanRuntime/7.29.0","errors":"","cost":0.000176066}
{"level":"INFO","time":"2022-02-15T22:26:46.687+0800","caller":"bluebell/main.go:84","msg":"Shutdown Server ..."}
{"level":"INFO","time":"2022-02-15T22:26:46.690+0800","caller":"bluebell/main.go:93","msg":"Server exiting"}
{"level":"DEBUG","time":"2022-02-15T22:26:50.167+0800","caller":"bluebell/main.go:37","msg":"logger init success..."}
{"level":"ERROR","time":"2022-02-15T22:26:51.586+0800","caller":"controller/user.go:19","msg":"SignUp with invalid param","error":"Key: 'ParamSignUp.re_password' Error:Field validation for 're_password' failed on the 'required' tag"}
{"level":"INFO","time":"2022-02-15T22:26:51.586+0800","caller":"logger/logger.go:69","msg":"/signup","status":200,"method":"POST","path":"/signup","query":"","ip":"::1","user-agent":"PostmanRuntime/7.29.0","errors":"","cost":0.000359599}
{"level":"INFO","time":"2022-02-15T22:30:06.186+0800","caller":"bluebell/main.go:84","msg":"Shutdown Server ..."}
{"level":"INFO","time":"2022-02-15T22:30:06.188+0800","caller":"bluebell/main.go:93","msg":"Server exiting"}
{"level":"DEBUG","time":"2022-02-15T22:30:09.507+0800","caller":"bluebell/main.go:37","msg":"logger init success..."}
{"level":"ERROR","time":"2022-02-15T22:30:12.083+0800","caller":"controller/user.go:19","msg":"SignUp with invalid param","error":"Key: 'ParamSignUp.re_password' Error:Field validation for 're_password' failed on the 'required' tag"}
{"level":"INFO","time":"2022-02-15T22:30:12.083+0800","caller":"logger/logger.go:69","msg":"/signup","status":200,"method":"POST","path":"/signup","query":"","ip":"::1","user-agent":"PostmanRuntime/7.29.0","errors":"","cost":0.000453506}
{"level":"ERROR","time":"2022-02-15T22:30:23.643+0800","caller":"controller/user.go:19","msg":"SignUp with invalid param","error":"Key: 'ParamSignUp.re_password' Error:Field validation for 're_password' failed on the 'eqfield' tag"}
{"level":"INFO","time":"2022-02-15T22:30:23.643+0800","caller":"logger/logger.go:69","msg":"/signup","status":200,"method":"POST","path":"/signup","query":"","ip":"::1","user-agent":"PostmanRuntime/7.29.0","errors":"","cost":0.000256929}
{"level":"ERROR","time":"2022-02-15T22:32:28.012+0800","caller":"controller/user.go:19","msg":"SignUp with invalid param","error":"Key: 'ParamSignUp.re_password' Error:Field validation for 're_password' failed on the 'eqfield' tag"}
{"level":"INFO","time":"2022-02-15T22:32:28.012+0800","caller":"logger/logger.go:69","msg":"/signup","status":200,"method":"POST","path":"/signup","query":"","ip":"::1","user-agent":"PostmanRuntime/7.29.0","errors":"","cost":0.000250231}
{"level":"INFO","time":"2022-02-15T22:38:31.506+0800","caller":"bluebell/main.go:84","msg":"Shutdown Server ..."}
{"level":"INFO","time":"2022-02-15T22:38:31.507+0800","caller":"bluebell/main.go:93","msg":"Server exiting"}
{"level":"DEBUG","time":"2022-02-15T22:38:35.369+0800","caller":"bluebell/main.go:37","msg":"logger init success..."}
{"level":"ERROR","time":"2022-02-15T22:38:38.821+0800","caller":"controller/user.go:19","msg":"SignUp with invalid param","error":"Key: 'ParamSignUp.re_password' Error:Field validation for 're_password' failed on the 'eqfield' tag\nKey: 'ParamSignUp.re_password' Error:Field validation for 're_password' failed on the 'eqfield' tag"}
{"level":"INFO","time":"2022-02-15T22:38:38.822+0800","caller":"logger/logger.go:69","msg":"/signup","status":200,"method":"POST","path":"/signup","query":"","ip":"::1","user-agent":"PostmanRuntime/7.29.0","errors":"","cost":0.000421044}
{"level":"INFO","time":"2022-02-15T23:20:22.855+0800","caller":"bluebell/main.go:84","msg":"Shutdown Server ..."}
{"level":"INFO","time":"2022-02-15T23:20:22.857+0800","caller":"bluebell/main.go:93","msg":"Server exiting"}
{"level":"DEBUG","time":"2022-02-15T23:20:26.156+0800","caller":"bluebell/main.go:37","msg":"logger init success..."}
{"level":"ERROR","time":"2022-02-15T23:20:28.941+0800","caller":"controller/user.go:19","msg":"SignUp with invalid param","error":"Key: 'ParamSignUp.re_password' Error:Field validation for 're_password' failed on the 'eqfield' tag\nKey: 'ParamSignUp.re_password' Error:Field validation for 're_password' failed on the 'eqfield' tag"}
{"level":"INFO","time":"2022-02-15T23:20:28.941+0800","caller":"logger/logger.go:69","msg":"/signup","status":200,"method":"POST","path":"/signup","query":"","ip":"::1","user-agent":"PostmanRuntime/7.29.0","errors":"","cost":0.000521582}
{"level":"INFO","time":"2022-02-15T23:20:34.399+0800","caller":"logger/logger.go:69","msg":"/signup","status":200,"method":"POST","path":"/signup","query":"","ip":"::1","user-agent":"PostmanRuntime/7.29.0","errors":"","cost":0.020064711}
{"level":"INFO","time":"2022-02-15T23:21:55.713+0800","caller":"logger/logger.go:69","msg":"/signup","status":200,"method":"POST","path":"/signup","query":"","ip":"::1","user-agent":"PostmanRuntime/7.29.0","errors":"","cost":0.00037635}
{"level":"INFO","time":"2022-02-15T23:22:02.172+0800","caller":"bluebell/main.go:84","msg":"Shutdown Server ..."}
{"level":"INFO","time":"2022-02-15T23:22:02.174+0800","caller":"bluebell/main.go:93","msg":"Server exiting"}
{"level":"DEBUG","time":"2022-02-15T23:22:05.423+0800","caller":"bluebell/main.go:37","msg":"logger init success..."}
{"level":"INFO","time":"2022-02-15T23:22:08.442+0800","caller":"logger/logger.go:69","msg":"/signup","status":200,"method":"POST","path":"/signup","query":"","ip":"::1","user-agent":"PostmanRuntime/7.29.0","errors":"","cost":0.002148857}
{"level":"INFO","time":"2022-02-15T23:24:56.670+0800","caller":"bluebell/main.go:84","msg":"Shutdown Server ..."}
{"level":"INFO","time":"2022-02-15T23:24:56.671+0800","caller":"bluebell/main.go:93","msg":"Server exiting"}
{"level":"DEBUG","time":"2022-02-15T23:24:59.441+0800","caller":"bluebell/main.go:37","msg":"logger init success..."}
{"level":"INFO","time":"2022-02-15T23:25:02.997+0800","caller":"logger/logger.go:69","msg":"/signup","status":200,"method":"POST","path":"/signup","query":"","ip":"::1","user-agent":"PostmanRuntime/7.29.0","errors":"","cost":0.000828032}
{"level":"INFO","time":"2022-02-15T23:26:22.094+0800","caller":"bluebell/main.go:84","msg":"Shutdown Server ..."}
{"level":"INFO","time":"2022-02-15T23:26:22.096+0800","caller":"bluebell/main.go:93","msg":"Server exiting"}
{"level":"DEBUG","time":"2022-02-15T23:26:25.499+0800","caller":"bluebell/main.go:37","msg":"logger init success..."}
{"level":"INFO","time":"2022-02-15T23:26:27.281+0800","caller":"logger/logger.go:69","msg":"/signup","status":200,"method":"POST","path":"/signup","query":"","ip":"::1","user-agent":"PostmanRuntime/7.29.0","errors":"","cost":0.000659858}
{"level":"INFO","time":"2022-02-15T23:27:20.724+0800","caller":"logger/logger.go:69","msg":"/signup","status":200,"method":"POST","path":"/signup","query":"","ip":"::1","user-agent":"PostmanRuntime/7.29.0","errors":"","cost":0.000308661}
{"level":"INFO","time":"2022-02-15T23:28:09.425+0800","caller":"bluebell/main.go:84","msg":"Shutdown Server ..."}
{"level":"INFO","time":"2022-02-15T23:28:09.427+0800","caller":"bluebell/main.go:93","msg":"Server exiting"}
{"level":"DEBUG","time":"2022-02-15T23:28:14.257+0800","caller":"bluebell/main.go:37","msg":"logger init success..."}
{"level":"INFO","time":"2022-02-15T23:28:19.120+0800","caller":"logger/logger.go:69","msg":"/signup","status":200,"method":"POST","path":"/signup","query":"","ip":"::1","user-agent":"PostmanRuntime/7.29.0","errors":"","cost":0.003219585}
{"level":"INFO","time":"2022-02-15T23:28:20.066+0800","caller":"logger/logger.go:69","msg":"/signup","status":200,"method":"POST","path":"/signup","query":"","ip":"::1","user-agent":"PostmanRuntime/7.29.0","errors":"","cost":0.000865201}
{"level":"INFO","time":"2022-02-15T23:28:52.736+0800","caller":"bluebell/main.go:84","msg":"Shutdown Server ..."}
{"level":"INFO","time":"2022-02-15T23:28:52.738+0800","caller":"bluebell/main.go:93","msg":"Server exiting"}
{"level":"DEBUG","time":"2022-02-15T23:28:54.934+0800","caller":"bluebell/main.go:37","msg":"logger init success..."}
{"level":"INFO","time":"2022-02-15T23:28:58.231+0800","caller":"logger/logger.go:69","msg":"/signup","status":200,"method":"POST","path":"/signup","query":"","ip":"::1","user-agent":"PostmanRuntime/7.29.0","errors":"","cost":0.001058382}
{"level":"INFO","time":"2022-02-15T23:29:11.169+0800","caller":"logger/logger.go:69","msg":"/signup","status":200,"method":"POST","path":"/signup","query":"","ip":"::1","user-agent":"PostmanRuntime/7.29.0","errors":"","cost":0.002282792}
{"level":"INFO","time":"2022-02-15T23:29:58.166+0800","caller":"bluebell/main.go:84","msg":"Shutdown Server ..."}
{"level":"INFO","time":"2022-02-15T23:29:58.168+0800","caller":"bluebell/main.go:93","msg":"Server exiting"}
{"level":"DEBUG","time":"2022-02-15T23:30:01.104+0800","caller":"bluebell/main.go:37","msg":"logger init success..."}
{"level":"INFO","time":"2022-02-15T23:30:06.878+0800","caller":"logger/logger.go:69","msg":"/signup","status":200,"method":"POST","path":"/signup","query":"","ip":"::1","user-agent":"PostmanRuntime/7.29.0","errors":"","cost":0.001701394}
{"level":"INFO","time":"2022-02-15T23:31:04.250+0800","caller":"logger/logger.go:69","msg":"/signup","status":200,"method":"POST","path":"/signup","query":"","ip":"::1","user-agent":"PostmanRuntime/7.29.0","errors":"","cost":0.000719278}
{"level":"INFO","time":"2022-02-15T23:31:04.991+0800","caller":"logger/logger.go:69","msg":"/signup","status":200,"method":"POST","path":"/signup","query":"","ip":"::1","user-agent":"PostmanRuntime/7.29.0","errors":"","cost":0.001262529}
{"level":"INFO","time":"2022-02-15T23:31:05.319+0800","caller":"logger/logger.go:69","msg":"/signup","status":200,"method":"POST","path":"/signup","query":"","ip":"::1","user-agent":"PostmanRuntime/7.29.0","errors":"","cost":0.00077417}
{"level":"INFO","time":"2022-02-15T23:33:41.378+0800","caller":"logger/logger.go:69","msg":"/signup","status":200,"method":"POST","path":"/signup","query":"","ip":"::1","user-agent":"PostmanRuntime/7.29.0","errors":"","cost":0.001577498}
{"level":"INFO","time":"2022-02-15T23:33:45.889+0800","caller":"bluebell/main.go:84","msg":"Shutdown Server ..."}
{"level":"INFO","time":"2022-02-15T23:33:45.890+0800","caller":"bluebell/main.go:93","msg":"Server exiting"}
{"level":"DEBUG","time":"2022-02-15T23:33:49.523+0800","caller":"bluebell/main.go:37","msg":"logger init success..."}
{"level":"INFO","time":"2022-02-15T23:33:53.696+0800","caller":"logger/logger.go:69","msg":"/signup","status":200,"method":"POST","path":"/signup","query":"","ip":"::1","user-agent":"PostmanRuntime/7.29.0","errors":"","cost":0.003885762}
{"level":"INFO","time":"2022-02-15T23:34:00.792+0800","caller":"logger/logger.go:69","msg":"/signup","status":200,"method":"POST","path":"/signup","query":"","ip":"::1","user-agent":"PostmanRuntime/7.29.0","errors":"","cost":0.004531507}
{"level":"INFO","time":"2022-02-15T23:36:00.598+0800","caller":"bluebell/main.go:84","msg":"Shutdown Server ..."}
{"level":"INFO","time":"2022-02-15T23:36:00.599+0800","caller":"bluebell/main.go:93","msg":"Server exiting"}
{"level":"DEBUG","time":"2022-02-16T23:22:17.906+0800","caller":"bluebell/main.go:37","msg":"logger init success..."}
{"level":"INFO","time":"2022-02-16T23:22:31.451+0800","caller":"logger/logger.go:79","msg":"/","status":200,"method":"GET","path":"/","query":"","ip":"::1","user-agent":"Mozilla/5.0 (Macintosh; Intel Mac OS X 10_15_7) AppleWebKit/537.36 (KHTML, like Gecko) Chrome/98.0.4758.80 Safari/537.36","errors":"","cost":0.000062104}
{"level":"INFO","time":"2022-02-16T23:22:51.842+0800","caller":"logger/logger.go:79","msg":"/signup","status":404,"method":"GET","path":"/signup","query":"","ip":"::1","user-agent":"Mozilla/5.0 (Macintosh; Intel Mac OS X 10_15_7) AppleWebKit/537.36 (KHTML, like Gecko) Chrome/98.0.4758.80 Safari/537.36","errors":"","cost":0.000000613}
{"level":"INFO","time":"2022-02-16T23:23:23.310+0800","caller":"logger/logger.go:79","msg":"/signup","status":200,"method":"POST","path":"/signup","query":"","ip":"::1","user-agent":"PostmanRuntime/7.29.0","errors":"","cost":0.002892079}
{"level":"INFO","time":"2022-02-16T23:28:49.435+0800","caller":"logger/logger.go:79","msg":"/signup","status":200,"method":"POST","path":"/signup","query":"","ip":"::1","user-agent":"PostmanRuntime/7.29.0","errors":"","cost":0.000671247}
{"level":"INFO","time":"2022-02-16T23:29:09.656+0800","caller":"logger/logger.go:79","msg":"/signup","status":200,"method":"POST","path":"/signup","query":"","ip":"::1","user-agent":"PostmanRuntime/7.29.0","errors":"","cost":0.00089166}
{"level":"INFO","time":"2022-02-16T23:29:18.066+0800","caller":"bluebell/main.go:84","msg":"Shutdown Server ..."}
{"level":"INFO","time":"2022-02-16T23:29:18.068+0800","caller":"bluebell/main.go:93","msg":"Server exiting"}
{"level":"DEBUG","time":"2022-02-16T23:29:20.369+0800","caller":"bluebell/main.go:37","msg":"logger init success..."}
{"level":"INFO","time":"2022-02-16T23:29:22.768+0800","caller":"logger/logger.go:79","msg":"/signup","status":200,"method":"POST","path":"/signup","query":"","ip":"::1","user-agent":"PostmanRuntime/7.29.0","errors":"","cost":0.000995141}
{"level":"INFO","time":"2022-02-16T23:29:23.470+0800","caller":"logger/logger.go:79","msg":"/signup","status":200,"method":"POST","path":"/signup","query":"","ip":"::1","user-agent":"PostmanRuntime/7.29.0","errors":"","cost":0.000645761}
{"level":"INFO","time":"2022-02-16T23:37:29.150+0800","caller":"bluebell/main.go:84","msg":"Shutdown Server ..."}
{"level":"INFO","time":"2022-02-16T23:37:29.152+0800","caller":"bluebell/main.go:93","msg":"Server exiting"}
{"level":"DEBUG","time":"2022-02-16T23:37:32.475+0800","caller":"bluebell/main.go:37","msg":"logger init success..."}
{"level":"INFO","time":"2022-02-16T23:37:37.855+0800","caller":"logger/logger.go:79","msg":"/signup","status":200,"method":"POST","path":"/signup","query":"","ip":"::1","user-agent":"PostmanRuntime/7.29.0","errors":"","cost":0.000939177}
{"level":"INFO","time":"2022-02-16T23:37:44.934+0800","caller":"bluebell/main.go:84","msg":"Shutdown Server ..."}
{"level":"INFO","time":"2022-02-16T23:37:44.936+0800","caller":"bluebell/main.go:93","msg":"Server exiting"}
{"level":"DEBUG","time":"2022-02-16T23:37:52.382+0800","caller":"bluebell/main.go:37","msg":"logger init success..."}
